




[ 0.    0.    1.01]
[ 2.01  0.    1.01]
19.9823880196
[ 0.    0.    1.02]
[ 2.02  0.    1.02]
18.8588950634
[ 0.    0.    1.03]
[ 2.03  0.    1.03]
20.7709400654
[ 0.    0.    1.04]
[ 2.04  0.    1.04]
23.1814768314
[ 0.    0.    1.05]
[ 2.05  0.    1.05]
23.6443650723
[ 0.    0.    1.06]
[ 2.06  0.    1.06]
24.2474789619
[ 0.    0.    1.07]
[ 2.07  0.    1.07]
24.4827477932
[ 0.    0.    1.08]
[ 2.08  0.    1.08]
24.58010602
[ 0.    0.    1.09]
[ 2.09  0.    1.09]
24.5444180965
[ 0.   0.   1.1]
[ 2.1  0.   1.1]
24.7606639862
[ 0.    0.    1.11]
[ 2.11  0.    1.11]
24.8417348862
[ 0.    0.    1.12]
[ 2.12  0.    1.12]
24.780864954
[ 0.    0.    1.13]
[ 2.13  0.    1.13]
24.8958120346
[ 0.    0.    1.14]
[ 2.14  0.    1.14]
24.5003569126
[ 0.    0.    1.15]
[ 2.15  0.    1.15]
24.5865008831
[ 0.    0.    1.16]
[ 2.16  0.    1.16]
24.4726850986
[ 0.    0.    1.17]
[ 2.17  0.    1.17]
24.1986589432
[ 0.    0.    1.18]
[ 2.18  0.    1.18]
24.2920548916
[ 0.    0.    1.19]
[ 2.19  0.    1.19]
24.0363709927
[ 0.   0.   1.2]
[ 2.2  0.   1.2]
24.0195741653
[ 0.    0.    1.21]
[ 2.21  0.    1.21]
24.1673350334
[ 0.    0.    1.22]
[ 2.22  0.    1.22]
23.8393361568
[ 0.    0.    1.23]
[ 2.23  0.    1.23]
23.7885458469
[ 0.    0.    1.24]
[ 2.24  0.    1.24]
23.7341189384
[ 0.    0.    1.25]
[ 2.25  0.    1.25]
23.5615530014
[ 0.    0.    1.26]
[ 2.26  0.    1.26]
23.4505910873
[ 0.    0.    1.27]
[ 2.27  0.    1.27]
23.2384400368
[ 0.    0.    1.28]
[ 2.28  0.    1.28]
23.4081449509
[ 0.    0.    1.29]
[ 2.29  0.    1.29]
23.0046751499
[ 0.   0.   1.3]
[ 2.3  0.   1.3]
22.9435369968
[ 0.    0.    1.31]
[ 2.31  0.    1.31]
22.9312319756
[ 0.    0.    1.32]
[ 2.32  0.    1.32]
22.8069560528
[ 0.    0.    1.33]
[ 2.33  0.    1.33]
22.8658809662
[ 0.    0.    1.34]
[ 2.34  0.    1.34]
22.6643288136
[ 0.    0.    1.35]
[ 2.35  0.    1.35]
22.706223011
[ 0.    0.    1.36]
[ 2.36  0.    1.36]
22.5516109467
[ 0.    0.    1.37]
[ 2.37  0.    1.37]
22.4812641144
[ 0.    0.    1.38]
[ 2.38  0.    1.38]
22.3780310154
[ 0.    0.    1.39]
[ 2.39  0.    1.39]
22.383191824
[ 0.   0.   1.4]
[ 2.4  0.   1.4]
22.3403990269
[ 0.    0.    1.41]
[ 2.41  0.    1.41]
22.3558402061
[ 0.    0.    1.42]
[ 2.42  0.    1.42]
22.240128994
[ 0.    0.    1.43]
[ 2.43  0.    1.43]
22.1495969296
[ 0.    0.    1.44]
[ 2.44  0.    1.44]
22.1785290241
[ 0.    0.    1.45]
[ 2.45  0.    1.45]
22.139952898
[ 0.    0.    1.46]
[ 2.46  0.    1.46]
22.135751009
[ 0.    0.    1.47]
[ 2.47  0.    1.47]
21.9891970158
[ 0.    0.    1.48]
[ 2.48  0.    1.48]
21.9388170242
[ 0.    0.    1.49]
[ 2.49  0.    1.49]
21.7797939777
[ 0.   0.   1.5]
[ 2.5  0.   1.5]
21.7340989113
[ 0.    0.    1.51]
[ 2.51  0.    1.51]
21.7131690979
[ 0.    0.    1.52]
[ 2.52  0.    1.52]
21.653865099
[ 0.    0.    1.53]
[ 2.53  0.    1.53]
21.5903129578
[ 0.    0.    1.54]
[ 2.54  0.    1.54]
21.5692260265
[ 0.    0.    1.55]
[ 2.55  0.    1.55]
21.7466168404
[ 0.    0.    1.56]
[ 2.56  0.    1.56]
21.6546168327
[ 0.    0.    1.57]
[ 2.57  0.    1.57]
21.7945611477
[ 0.    0.    1.58]
[ 2.58  0.    1.58]
21.6720030308
[ 0.    0.    1.59]
[ 2.59  0.    1.59]
21.4937710762
[ 0.   0.   1.6]
[ 2.6  0.   1.6]
21.5086791515
[ 0.    0.    1.61]
[ 2.61  0.    1.61]
21.5476689339
[ 0.    0.    1.62]
[ 2.62  0.    1.62]
21.4299931526
[ 0.    0.    1.63]
[ 2.63  0.    1.63]
21.4615020752
[ 0.    0.    1.64]
[ 2.64  0.    1.64]
21.4325151443
[ 0.    0.    1.65]
[ 2.65  0.    1.65]
22.3790419102
[ 0.    0.    1.66]
[ 2.66  0.    1.66]
21.1617650986
[ 0.    0.    1.67]
[ 2.67  0.    1.67]
21.7535090446
[ 0.    0.    1.68]
[ 2.68  0.    1.68]
21.073362112
[ 0.    0.    1.69]
[ 2.69  0.    1.69]
21.053730011
[ 0.   0.   1.7]
[ 2.7  0.   1.7]
21.0612139702
[ 0.    0.    1.71]
[ 2.71  0.    1.71]
21.078854084
[ 0.    0.    1.72]
[ 2.72  0.    1.72]
21.0640530586
[ 0.    0.    1.73]
[ 2.73  0.    1.73]
21.1185641289
[ 0.    0.    1.74]
[ 2.74  0.    1.74]
21.1599979401
[ 0.    0.    1.75]
[ 2.75  0.    1.75]
21.0362839699
[ 0.    0.    1.76]
[ 2.76  0.    1.76]
20.9875569344
[ 0.    0.    1.77]
[ 2.77  0.    1.77]
20.7971541882
[ 0.    0.    1.78]
[ 2.78  0.    1.78]
20.9611060619
[ 0.    0.    1.79]
[ 2.79  0.    1.79]
20.9509289265
[ 0.   0.   1.8]
[ 2.8  0.   1.8]
20.9200050831
[ 0.    0.    1.81]
[ 2.81  0.    1.81]
21.0668449402
[ 0.    0.    1.82]
[ 2.82  0.    1.82]
20.8995051384
[ 0.    0.    1.83]
[ 2.83  0.    1.83]
20.837651968
[ 0.    0.    1.84]
[ 2.84  0.    1.84]
20.9116699696
[ 0.    0.    1.85]
[ 2.85  0.    1.85]
20.7404952049
[ 0.    0.    1.86]
[ 2.86  0.    1.86]
20.8117160797
[ 0.    0.    1.87]
[ 2.87  0.    1.87]
20.7766280174
[ 0.    0.    1.88]
[ 2.88  0.    1.88]
20.6925160885
[ 0.    0.    1.89]
[ 2.89  0.    1.89]
20.6594388485
[ 0.   0.   1.9]
[ 2.9  0.   1.9]
20.6340661049
[ 0.    0.    1.91]
[ 2.91  0.    1.91]
20.7168910503
[ 0.    0.    1.92]
[ 2.92  0.    1.92]
20.6919648647
[ 0.    0.    1.93]
[ 2.93  0.    1.93]
20.5639350414
[ 0.    0.    1.94]
[ 2.94  0.    1.94]
20.6404027939
[ 0.    0.    1.95]
[ 2.95  0.    1.95]
20.6758821011
[ 0.    0.    1.96]
[ 2.96  0.    1.96]
20.5669631958
[ 0.    0.    1.97]
[ 2.97  0.    1.97]
20.424464941
[ 0.    0.    1.98]
[ 2.98  0.    1.98]
20.4262011051
[ 0.    0.    1.99]
[ 2.99  0.    1.99]
20.4935078621
[ 0.  0.  2.]
[ 3.  0.  2.]
20.446778059
[ 0.    0.    2.01]
[ 3.01  0.    2.01]
5.1695189476
[ 0.    0.    2.02]
[ 3.02  0.    2.02]
5.08229494095
[ 0.    0.    2.03]
[ 3.03  0.    2.03]
5.05114603043
[ 0.    0.    2.04]
[ 3.04  0.    2.04]
5.05835008621
[ 0.    0.    2.05]
[ 3.05  0.    2.05]
5.05561995506
[ 0.    0.    2.06]
[ 3.06  0.    2.06]
5.11709094048
[ 0.    0.    2.07]
[ 3.07  0.    2.07]
5.06291103363
[ 0.    0.    2.08]
[ 3.08  0.    2.08]
5.01409602165
[ 0.    0.    2.09]
[ 3.09  0.    2.09]
5.08959794044
[ 0.   0.   2.1]
[ 3.1  0.   2.1]
5.09585213661
[ 0.    0.    2.11]
[ 3.11  0.    2.11]
5.07510519028
[ 0.    0.    2.12]
[ 3.12  0.    2.12]
5.00664901733
[ 0.    0.    2.13]
[ 3.13  0.    2.13]
4.99912595749
[ 0.    0.    2.14]
[ 3.14  0.    2.14]
5.00281405449
[ 0.    0.    2.15]
[ 3.15  0.    2.15]
5.014108181
[ 0.    0.    2.16]
[ 3.16  0.    2.16]
5.01367592812
[ 0.    0.    2.17]
[ 3.17  0.    2.17]
4.82181501389
[ 0.    0.    2.18]
[ 3.18  0.    2.18]
4.7547109127
[ 0.    0.    2.19]
[ 3.19  0.    2.19]
4.71561789513
[ 0.   0.   2.2]
[ 3.2  0.   2.2]
4.74868106842
[ 0.    0.    2.21]
[ 3.21  0.    2.21]
4.70916485786
[ 0.    0.    2.22]
[ 3.22  0.    2.22]
4.72782182693
[ 0.    0.    2.23]
[ 3.23  0.    2.23]
4.7037229538
[ 0.    0.    2.24]
[ 3.24  0.    2.24]
4.69427108765
[ 0.    0.    2.25]
[ 3.25  0.    2.25]
4.74766087532
[ 0.    0.    2.26]
[ 3.26  0.    2.26]
4.67918515205
[ 0.    0.    2.27]
[ 3.27  0.    2.27]
4.6926407814
[ 0.    0.    2.28]
[ 3.28  0.    2.28]
4.69489884377
[ 0.    0.    2.29]
[ 3.29  0.    2.29]
4.72707295418
[ 0.   0.   2.3]
[ 3.3  0.   2.3]
4.69933891296
[ 0.    0.    2.31]
[ 3.31  0.    2.31]
4.70435190201
[ 0.    0.    2.32]
[ 3.32  0.    2.32]
4.71706795692
[ 0.    0.    2.33]
[ 3.33  0.    2.33]
4.71457004547
[ 0.    0.    2.34]
[ 3.34  0.    2.34]
4.70784115791
[ 0.    0.    2.35]
[ 3.35  0.    2.35]
4.73468208313
[ 0.    0.    2.36]
[ 3.36  0.    2.36]
4.69656205177
[ 0.    0.    2.37]
[ 3.37  0.    2.37]
4.72964286804
[ 0.    0.    2.38]
[ 3.38  0.    2.38]
4.71298193932
[ 0.    0.    2.39]
[ 3.39  0.    2.39]
4.72513389587
[ 0.   0.   2.4]
[ 3.4  0.   2.4]
4.69995307922
[ 0.    0.    2.41]
[ 3.41  0.    2.41]
4.69445419312
[ 0.    0.    2.42]
[ 3.42  0.    2.42]
4.70756697655
[ 0.    0.    2.43]
[ 3.43  0.    2.43]
4.69076895714
[ 0.    0.    2.44]
[ 3.44  0.    2.44]
4.69784998894
[ 0.    0.    2.45]
[ 3.45  0.    2.45]
4.69872188568
[ 0.    0.    2.46]
[ 3.46  0.    2.46]
4.71831297874
[ 0.    0.    2.47]
[ 3.47  0.    2.47]
4.72133994102
[ 0.    0.    2.48]
[ 3.48  0.    2.48]
4.7110710144
[ 0.    0.    2.49]
[ 3.49  0.    2.49]
4.7062728405
[ 0.   0.   2.5]
[ 3.5  0.   2.5]
4.70128011703
[ 0.    0.    2.51]
[ 3.51  0.    2.51]
4.70044589043
[ 0.    0.    2.52]
[ 3.52  0.    2.52]
4.6823618412
[ 0.    0.    2.53]
[ 3.53  0.    2.53]
4.73524785042
[ 0.    0.    2.54]
[ 3.54  0.    2.54]
4.68132209778
[ 0.    0.    2.55]
[ 3.55  0.    2.55]
4.6927318573
[ 0.    0.    2.56]
[ 3.56  0.    2.56]
4.69399595261
[ 0.    0.    2.57]
[ 3.57  0.    2.57]
4.69546413422
[ 0.    0.    2.58]
[ 3.58  0.    2.58]
4.69824099541
[ 0.    0.    2.59]
[ 3.59  0.    2.59]
4.69959402084
[ 0.   0.   2.6]
[ 3.6  0.   2.6]
4.70491909981
[ 0.    0.    2.61]
[ 3.61  0.    2.61]
4.72445392609
[ 0.    0.    2.62]
[ 3.62  0.    2.62]
4.71394586563
[ 0.    0.    2.63]
[ 3.63  0.    2.63]
4.71578001976
[ 0.    0.    2.64]
[ 3.64  0.    2.64]
4.70643901825
[ 0.    0.    2.65]
[ 3.65  0.    2.65]
4.72877907753
[ 0.    0.    2.66]
[ 3.66  0.    2.66]
4.7155251503
[ 0.    0.    2.67]
[ 3.67  0.    2.67]
4.62720394135
[ 0.    0.    2.68]
[ 3.68  0.    2.68]
4.62028503418
[ 0.    0.    2.69]
[ 3.69  0.    2.69]
4.64002108574
[ 0.   0.   2.7]
[ 3.7  0.   2.7]
4.63041782379
[ 0.    0.    2.71]
[ 3.71  0.    2.71]
4.70300793648
[ 0.    0.    2.72]
[ 3.72  0.    2.72]
4.71298503876
[ 0.    0.    2.73]
[ 3.73  0.    2.73]
4.6944630146
[ 0.    0.    2.74]
[ 3.74  0.    2.74]
4.69672703743
[ 0.    0.    2.75]
[ 3.75  0.    2.75]
4.70367312431
[ 0.    0.    2.76]
[ 3.76  0.    2.76]
4.69450998306
[ 0.    0.    2.77]
[ 3.77  0.    2.77]
4.69259905815
[ 0.    0.    2.78]
[ 3.78  0.    2.78]
4.70343399048
[ 0.    0.    2.79]
[ 3.79  0.    2.79]
4.7246928215
[ 0.   0.   2.8]
[ 3.8  0.   2.8]
4.71087408066
[ 0.    0.    2.81]
[ 3.81  0.    2.81]
4.68679904938
[ 0.    0.    2.82]
[ 3.82  0.    2.82]
4.70397090912
[ 0.    0.    2.83]
[ 3.83  0.    2.83]
4.69636011124
[ 0.    0.    2.84]
[ 3.84  0.    2.84]
4.69933199883
[ 0.    0.    2.85]
[ 3.85  0.    2.85]
4.70099902153
[ 0.    0.    2.86]
[ 3.86  0.    2.86]
4.72067403793
[ 0.    0.    2.87]
[ 3.87  0.    2.87]
4.68711304665
[ 0.    0.    2.88]
[ 3.88  0.    2.88]
4.70982098579
[ 0.    0.    2.89]
[ 3.89  0.    2.89]
4.69025611877
[ 0.   0.   2.9]
[ 3.9  0.   2.9]
4.69578790665
[ 0.    0.    2.91]
[ 3.91  0.    2.91]
4.69731783867
[ 0.    0.    2.92]
[ 3.92  0.    2.92]
4.69347786903
[ 0.    0.    2.93]
[ 3.93  0.    2.93]
4.69302296638
[ 0.    0.    2.94]
[ 3.94  0.    2.94]
4.72330498695
[ 0.    0.    2.95]
[ 3.95  0.    2.95]
4.74689793587
[ 0.    0.    2.96]
[ 3.96  0.    2.96]
4.72564983368
[ 0.    0.    2.97]
[ 3.97  0.    2.97]
4.70026111603
[ 0.    0.    2.98]
[ 3.98  0.    2.98]
4.7065680027
[ 0.    0.    2.99]
[ 3.99  0.    2.99]
4.73304605484
[ 0.  0.  3.]
[ 4.  0.  3.]
4.70296216011
